This is pdfTeX, Version 3.141592653-2.6-1.40.22 (TeX Live 2021) (preloaded format=pdflatex 2021.6.23)  3 JAN 2025 13:19
entering extended mode
 restricted \write18 enabled.
 %&-line parsing enabled.
**Current_Draft.tex
(./Current_Draft.tex
LaTeX2e <2020-10-01> patch level 4
L3 programming layer <2021-02-18>
(/usr/local/texlive/2021/texmf-dist/tex/latex/base/article.cls
Document Class: article 2020/04/10 v1.4m Standard LaTeX document class
(/usr/local/texlive/2021/texmf-dist/tex/latex/base/size10.clo
File: size10.clo 2020/04/10 v1.4m Standard LaTeX file (size option)
)
\c@part=\count179
\c@section=\count180
\c@subsection=\count181
\c@subsubsection=\count182
\c@paragraph=\count183
\c@subparagraph=\count184
\c@figure=\count185
\c@table=\count186
\abovecaptionskip=\skip47
\belowcaptionskip=\skip48
\bibindent=\dimen138
)
(/usr/local/texlive/2021/texmf-dist/tex/latex/setspace/setspace.sty
Package: setspace 2011/12/19 v6.7a set line spacing
)
(/usr/local/texlive/2021/texmf-dist/tex/latex/natbib/natbib.sty
Package: natbib 2010/09/13 8.31b (PWD, AO)
\bibhang=\skip49
\bibsep=\skip50
LaTeX Info: Redefining \cite on input line 694.
\c@NAT@ctr=\count187
)
(/usr/local/texlive/2021/texmf-dist/tex/latex/amsmath/amsmath.sty
Package: amsmath 2020/09/23 v2.17i AMS math features
\@mathmargin=\skip51

For additional information on amsmath, use the `?' option.
(/usr/local/texlive/2021/texmf-dist/tex/latex/amsmath/amstext.sty
Package: amstext 2000/06/29 v2.01 AMS text

(/usr/local/texlive/2021/texmf-dist/tex/latex/amsmath/amsgen.sty
File: amsgen.sty 1999/11/30 v2.0 generic functions
\@emptytoks=\toks15
\ex@=\dimen139
))
(/usr/local/texlive/2021/texmf-dist/tex/latex/amsmath/amsbsy.sty
Package: amsbsy 1999/11/29 v1.2d Bold Symbols
\pmbraise@=\dimen140
)
(/usr/local/texlive/2021/texmf-dist/tex/latex/amsmath/amsopn.sty
Package: amsopn 2016/03/08 v2.02 operator names
)
\inf@bad=\count188
LaTeX Info: Redefining \frac on input line 234.
\uproot@=\count189
\leftroot@=\count190
LaTeX Info: Redefining \overline on input line 399.
\classnum@=\count191
\DOTSCASE@=\count192
LaTeX Info: Redefining \ldots on input line 496.
LaTeX Info: Redefining \dots on input line 499.
LaTeX Info: Redefining \cdots on input line 620.
\Mathstrutbox@=\box47
\strutbox@=\box48
\big@size=\dimen141
LaTeX Font Info:    Redeclaring font encoding OML on input line 743.
LaTeX Font Info:    Redeclaring font encoding OMS on input line 744.
\macc@depth=\count193
\c@MaxMatrixCols=\count194
\dotsspace@=\muskip16
\c@parentequation=\count195
\dspbrk@lvl=\count196
\tag@help=\toks16
\row@=\count197
\column@=\count198
\maxfields@=\count199
\andhelp@=\toks17
\eqnshift@=\dimen142
\alignsep@=\dimen143
\tagshift@=\dimen144
\tagwidth@=\dimen145
\totwidth@=\dimen146
\lineht@=\dimen147
\@envbody=\toks18
\multlinegap=\skip52
\multlinetaggap=\skip53
\mathdisplay@stack=\toks19
LaTeX Info: Redefining \[ on input line 2923.
LaTeX Info: Redefining \] on input line 2924.
)
(/usr/local/texlive/2021/texmf-dist/tex/latex/float/float.sty
Package: float 2001/11/08 v1.3d Float enhancements (AL)
\c@float@type=\count266
\float@exts=\toks20
\float@box=\box49
\@float@everytoks=\toks21
\@floatcapt=\box50
)
(/usr/local/texlive/2021/texmf-dist/tex/latex/tools/longtable.sty
Package: longtable 2020/01/07 v4.13 Multi-page Table package (DPC)
\LTleft=\skip54
\LTright=\skip55
\LTpre=\skip56
\LTpost=\skip57
\LTchunksize=\count267
\LTcapwidth=\dimen148
\LT@head=\box51
\LT@firsthead=\box52
\LT@foot=\box53
\LT@lastfoot=\box54
\LT@cols=\count268
\LT@rows=\count269
\c@LT@tables=\count270
\c@LT@chunks=\count271
\LT@p@ftn=\toks22
)
(/usr/local/texlive/2021/texmf-dist/tex/latex/booktabs/booktabs.sty
Package: booktabs 2020/01/12 v1.61803398 Publication quality tables
\heavyrulewidth=\dimen149
\lightrulewidth=\dimen150
\cmidrulewidth=\dimen151
\belowrulesep=\dimen152
\belowbottomsep=\dimen153
\aboverulesep=\dimen154
\abovetopsep=\dimen155
\cmidrulesep=\dimen156
\cmidrulekern=\dimen157
\defaultaddspace=\dimen158
\@cmidla=\count272
\@cmidlb=\count273
\@aboverulesep=\dimen159
\@belowrulesep=\dimen160
\@thisruleclass=\count274
\@lastruleclass=\count275
\@thisrulewidth=\dimen161
)
(/usr/local/texlive/2021/texmf-dist/tex/latex/graphics/lscape.sty
Package: lscape 2020/05/28 v3.02 Landscape Pages (DPC)

(/usr/local/texlive/2021/texmf-dist/tex/latex/graphics/graphics.sty
Package: graphics 2020/08/30 v1.4c Standard LaTeX Graphics (DPC,SPQR)

(/usr/local/texlive/2021/texmf-dist/tex/latex/graphics/trig.sty
Package: trig 2016/01/03 v1.10 sin cos tan (DPC)
)
(/usr/local/texlive/2021/texmf-dist/tex/latex/graphics-cfg/graphics.cfg
File: graphics.cfg 2016/06/04 v1.11 sample graphics configuration
)
Package graphics Info: Driver file: pdftex.def on input line 105.

(/usr/local/texlive/2021/texmf-dist/tex/latex/graphics-def/pdftex.def
File: pdftex.def 2020/10/05 v1.2a Graphics/color driver for pdftex
)))
(/usr/local/texlive/2021/texmf-dist/tex/latex/graphics/graphicx.sty
Package: graphicx 2020/09/09 v1.2b Enhanced LaTeX Graphics (DPC,SPQR)

(/usr/local/texlive/2021/texmf-dist/tex/latex/graphics/keyval.sty
Package: keyval 2014/10/28 v1.15 key=value parser (DPC)
\KV@toks@=\toks23
)
\Gin@req@height=\dimen162
\Gin@req@width=\dimen163
)
(/usr/local/texlive/2021/texmf-dist/tex/latex/silence/silence.sty
Package: silence 2012/07/02 v1.5b Selective filtering of warnings and error mes
sages
\sl@Save=\count276
\sl@StateNumber=\count277
\sl@MessageCount=\count278
\sl@Casualties=\count279
\sl@Filter=\toks24
\sl@Message=\toks25
\sl@UnexpandedMessage=\toks26
\sl@Mess@ge=\toks27
\sl@WarningCount=\count280
\sl@WarningNumber=\count281
\sl@WarningCasualties=\count282
\sl@TempBOW=\toks28
\sl@BankOfWarnings=\toks29
LaTeX Info: Redefining \GenericWarning on input line 433.
\sl@ErrorCount=\count283
\sl@ErrorNumber=\count284
\sl@ErrorCasualties=\count285
\sl@TempBOE=\toks30
\sl@BankOfErrors=\toks31
LaTeX Info: Redefining \GenericError on input line 601.
)
(/usr/local/texlive/2021/texmf-dist/tex/latex/forest/forest.sty
Package: forest 2017/07/14 v2.1.5 Drawing (linguistic) trees

(/usr/local/texlive/2021/texmf-dist/tex/latex/pgf/frontendlayer/tikz.sty
(/usr/local/texlive/2021/texmf-dist/tex/latex/pgf/basiclayer/pgf.sty
(/usr/local/texlive/2021/texmf-dist/tex/latex/pgf/utilities/pgfrcs.sty
(/usr/local/texlive/2021/texmf-dist/tex/generic/pgf/utilities/pgfutil-common.te
x
\pgfutil@everybye=\toks32
\pgfutil@tempdima=\dimen164
\pgfutil@tempdimb=\dimen165

(/usr/local/texlive/2021/texmf-dist/tex/generic/pgf/utilities/pgfutil-common-li
sts.tex))
(/usr/local/texlive/2021/texmf-dist/tex/generic/pgf/utilities/pgfutil-latex.def
\pgfutil@abb=\box55
) (/usr/local/texlive/2021/texmf-dist/tex/generic/pgf/utilities/pgfrcs.code.tex
(/usr/local/texlive/2021/texmf-dist/tex/generic/pgf/pgf.revision.tex)
Package: pgfrcs 2020/12/27 v3.1.8b (3.1.8b)
))
Package: pgf 2020/12/27 v3.1.8b (3.1.8b)

(/usr/local/texlive/2021/texmf-dist/tex/latex/pgf/basiclayer/pgfcore.sty
(/usr/local/texlive/2021/texmf-dist/tex/latex/pgf/systemlayer/pgfsys.sty
(/usr/local/texlive/2021/texmf-dist/tex/generic/pgf/systemlayer/pgfsys.code.tex
Package: pgfsys 2020/12/27 v3.1.8b (3.1.8b)
(/usr/local/texlive/2021/texmf-dist/tex/generic/pgf/utilities/pgfkeys.code.tex
\pgfkeys@pathtoks=\toks33
\pgfkeys@temptoks=\toks34

(/usr/local/texlive/2021/texmf-dist/tex/generic/pgf/utilities/pgfkeysfiltered.c
ode.tex
\pgfkeys@tmptoks=\toks35
))
\pgf@x=\dimen166
\pgf@y=\dimen167
\pgf@xa=\dimen168
\pgf@ya=\dimen169
\pgf@xb=\dimen170
\pgf@yb=\dimen171
\pgf@xc=\dimen172
\pgf@yc=\dimen173
\pgf@xd=\dimen174
\pgf@yd=\dimen175
\w@pgf@writea=\write3
\r@pgf@reada=\read2
\c@pgf@counta=\count286
\c@pgf@countb=\count287
\c@pgf@countc=\count288
\c@pgf@countd=\count289
\t@pgf@toka=\toks36
\t@pgf@tokb=\toks37
\t@pgf@tokc=\toks38
\pgf@sys@id@count=\count290

(/usr/local/texlive/2021/texmf-dist/tex/generic/pgf/systemlayer/pgf.cfg
File: pgf.cfg 2020/12/27 v3.1.8b (3.1.8b)
)
Driver file for pgf: pgfsys-pdftex.def

(/usr/local/texlive/2021/texmf-dist/tex/generic/pgf/systemlayer/pgfsys-pdftex.d
ef
File: pgfsys-pdftex.def 2020/12/27 v3.1.8b (3.1.8b)

(/usr/local/texlive/2021/texmf-dist/tex/generic/pgf/systemlayer/pgfsys-common-p
df.def
File: pgfsys-common-pdf.def 2020/12/27 v3.1.8b (3.1.8b)
)))
(/usr/local/texlive/2021/texmf-dist/tex/generic/pgf/systemlayer/pgfsyssoftpath.
code.tex
File: pgfsyssoftpath.code.tex 2020/12/27 v3.1.8b (3.1.8b)
\pgfsyssoftpath@smallbuffer@items=\count291
\pgfsyssoftpath@bigbuffer@items=\count292
)
(/usr/local/texlive/2021/texmf-dist/tex/generic/pgf/systemlayer/pgfsysprotocol.
code.tex
File: pgfsysprotocol.code.tex 2020/12/27 v3.1.8b (3.1.8b)
)) (/usr/local/texlive/2021/texmf-dist/tex/latex/xcolor/xcolor.sty
Package: xcolor 2016/05/11 v2.12 LaTeX color extensions (UK)

(/usr/local/texlive/2021/texmf-dist/tex/latex/graphics-cfg/color.cfg
File: color.cfg 2016/01/02 v1.6 sample color configuration
)
Package xcolor Info: Driver file: pdftex.def on input line 225.
Package xcolor Info: Model `cmy' substituted by `cmy0' on input line 1348.
Package xcolor Info: Model `hsb' substituted by `rgb' on input line 1352.
Package xcolor Info: Model `RGB' extended on input line 1364.
Package xcolor Info: Model `HTML' substituted by `rgb' on input line 1366.
Package xcolor Info: Model `Hsb' substituted by `hsb' on input line 1367.
Package xcolor Info: Model `tHsb' substituted by `hsb' on input line 1368.
Package xcolor Info: Model `HSB' substituted by `hsb' on input line 1369.
Package xcolor Info: Model `Gray' substituted by `gray' on input line 1370.
Package xcolor Info: Model `wave' substituted by `hsb' on input line 1371.
)
(/usr/local/texlive/2021/texmf-dist/tex/generic/pgf/basiclayer/pgfcore.code.tex
Package: pgfcore 2020/12/27 v3.1.8b (3.1.8b)
(/usr/local/texlive/2021/texmf-dist/tex/generic/pgf/math/pgfmath.code.tex
(/usr/local/texlive/2021/texmf-dist/tex/generic/pgf/math/pgfmathcalc.code.tex
(/usr/local/texlive/2021/texmf-dist/tex/generic/pgf/math/pgfmathutil.code.tex)
(/usr/local/texlive/2021/texmf-dist/tex/generic/pgf/math/pgfmathparser.code.tex
\pgfmath@dimen=\dimen176
\pgfmath@count=\count293
\pgfmath@box=\box56
\pgfmath@toks=\toks39
\pgfmath@stack@operand=\toks40
\pgfmath@stack@operation=\toks41
)
(/usr/local/texlive/2021/texmf-dist/tex/generic/pgf/math/pgfmathfunctions.code.
tex
(/usr/local/texlive/2021/texmf-dist/tex/generic/pgf/math/pgfmathfunctions.basic
.code.tex)
(/usr/local/texlive/2021/texmf-dist/tex/generic/pgf/math/pgfmathfunctions.trigo
nometric.code.tex)
(/usr/local/texlive/2021/texmf-dist/tex/generic/pgf/math/pgfmathfunctions.rando
m.code.tex)
(/usr/local/texlive/2021/texmf-dist/tex/generic/pgf/math/pgfmathfunctions.compa
rison.code.tex)
(/usr/local/texlive/2021/texmf-dist/tex/generic/pgf/math/pgfmathfunctions.base.
code.tex)
(/usr/local/texlive/2021/texmf-dist/tex/generic/pgf/math/pgfmathfunctions.round
.code.tex)
(/usr/local/texlive/2021/texmf-dist/tex/generic/pgf/math/pgfmathfunctions.misc.
code.tex)
(/usr/local/texlive/2021/texmf-dist/tex/generic/pgf/math/pgfmathfunctions.integ
erarithmetics.code.tex)))
(/usr/local/texlive/2021/texmf-dist/tex/generic/pgf/math/pgfmathfloat.code.tex
\c@pgfmathroundto@lastzeros=\count294
)) (/usr/local/texlive/2021/texmf-dist/tex/generic/pgf/math/pgfint.code.tex)
(/usr/local/texlive/2021/texmf-dist/tex/generic/pgf/basiclayer/pgfcorepoints.co
de.tex
File: pgfcorepoints.code.tex 2020/12/27 v3.1.8b (3.1.8b)
\pgf@picminx=\dimen177
\pgf@picmaxx=\dimen178
\pgf@picminy=\dimen179
\pgf@picmaxy=\dimen180
\pgf@pathminx=\dimen181
\pgf@pathmaxx=\dimen182
\pgf@pathminy=\dimen183
\pgf@pathmaxy=\dimen184
\pgf@xx=\dimen185
\pgf@xy=\dimen186
\pgf@yx=\dimen187
\pgf@yy=\dimen188
\pgf@zx=\dimen189
\pgf@zy=\dimen190
)
(/usr/local/texlive/2021/texmf-dist/tex/generic/pgf/basiclayer/pgfcorepathconst
ruct.code.tex
File: pgfcorepathconstruct.code.tex 2020/12/27 v3.1.8b (3.1.8b)
\pgf@path@lastx=\dimen191
\pgf@path@lasty=\dimen192
)
(/usr/local/texlive/2021/texmf-dist/tex/generic/pgf/basiclayer/pgfcorepathusage
.code.tex
File: pgfcorepathusage.code.tex 2020/12/27 v3.1.8b (3.1.8b)
\pgf@shorten@end@additional=\dimen193
\pgf@shorten@start@additional=\dimen194
)
(/usr/local/texlive/2021/texmf-dist/tex/generic/pgf/basiclayer/pgfcorescopes.co
de.tex
File: pgfcorescopes.code.tex 2020/12/27 v3.1.8b (3.1.8b)
\pgfpic=\box57
\pgf@hbox=\box58
\pgf@layerbox@main=\box59
\pgf@picture@serial@count=\count295
)
(/usr/local/texlive/2021/texmf-dist/tex/generic/pgf/basiclayer/pgfcoregraphicst
ate.code.tex
File: pgfcoregraphicstate.code.tex 2020/12/27 v3.1.8b (3.1.8b)
\pgflinewidth=\dimen195
)
(/usr/local/texlive/2021/texmf-dist/tex/generic/pgf/basiclayer/pgfcoretransform
ations.code.tex
File: pgfcoretransformations.code.tex 2020/12/27 v3.1.8b (3.1.8b)
\pgf@pt@x=\dimen196
\pgf@pt@y=\dimen197
\pgf@pt@temp=\dimen198
)
(/usr/local/texlive/2021/texmf-dist/tex/generic/pgf/basiclayer/pgfcorequick.cod
e.tex
File: pgfcorequick.code.tex 2020/12/27 v3.1.8b (3.1.8b)
)
(/usr/local/texlive/2021/texmf-dist/tex/generic/pgf/basiclayer/pgfcoreobjects.c
ode.tex
File: pgfcoreobjects.code.tex 2020/12/27 v3.1.8b (3.1.8b)
)
(/usr/local/texlive/2021/texmf-dist/tex/generic/pgf/basiclayer/pgfcorepathproce
ssing.code.tex
File: pgfcorepathprocessing.code.tex 2020/12/27 v3.1.8b (3.1.8b)
)
(/usr/local/texlive/2021/texmf-dist/tex/generic/pgf/basiclayer/pgfcorearrows.co
de.tex
File: pgfcorearrows.code.tex 2020/12/27 v3.1.8b (3.1.8b)
\pgfarrowsep=\dimen199
)
(/usr/local/texlive/2021/texmf-dist/tex/generic/pgf/basiclayer/pgfcoreshade.cod
e.tex
File: pgfcoreshade.code.tex 2020/12/27 v3.1.8b (3.1.8b)
\pgf@max=\dimen256
\pgf@sys@shading@range@num=\count296
\pgf@shadingcount=\count297
)
(/usr/local/texlive/2021/texmf-dist/tex/generic/pgf/basiclayer/pgfcoreimage.cod
e.tex
File: pgfcoreimage.code.tex 2020/12/27 v3.1.8b (3.1.8b)

(/usr/local/texlive/2021/texmf-dist/tex/generic/pgf/basiclayer/pgfcoreexternal.
code.tex
File: pgfcoreexternal.code.tex 2020/12/27 v3.1.8b (3.1.8b)
\pgfexternal@startupbox=\box60
))
(/usr/local/texlive/2021/texmf-dist/tex/generic/pgf/basiclayer/pgfcorelayers.co
de.tex
File: pgfcorelayers.code.tex 2020/12/27 v3.1.8b (3.1.8b)
)
(/usr/local/texlive/2021/texmf-dist/tex/generic/pgf/basiclayer/pgfcoretranspare
ncy.code.tex
File: pgfcoretransparency.code.tex 2020/12/27 v3.1.8b (3.1.8b)
)
(/usr/local/texlive/2021/texmf-dist/tex/generic/pgf/basiclayer/pgfcorepatterns.
code.tex
File: pgfcorepatterns.code.tex 2020/12/27 v3.1.8b (3.1.8b)
)
(/usr/local/texlive/2021/texmf-dist/tex/generic/pgf/basiclayer/pgfcorerdf.code.
tex
File: pgfcorerdf.code.tex 2020/12/27 v3.1.8b (3.1.8b)
)))
(/usr/local/texlive/2021/texmf-dist/tex/generic/pgf/modules/pgfmoduleshapes.cod
e.tex
File: pgfmoduleshapes.code.tex 2020/12/27 v3.1.8b (3.1.8b)
\pgfnodeparttextbox=\box61
)
(/usr/local/texlive/2021/texmf-dist/tex/generic/pgf/modules/pgfmoduleplot.code.
tex
File: pgfmoduleplot.code.tex 2020/12/27 v3.1.8b (3.1.8b)
)
(/usr/local/texlive/2021/texmf-dist/tex/latex/pgf/compatibility/pgfcomp-version
-0-65.sty
Package: pgfcomp-version-0-65 2020/12/27 v3.1.8b (3.1.8b)
\pgf@nodesepstart=\dimen257
\pgf@nodesepend=\dimen258
)
(/usr/local/texlive/2021/texmf-dist/tex/latex/pgf/compatibility/pgfcomp-version
-1-18.sty
Package: pgfcomp-version-1-18 2020/12/27 v3.1.8b (3.1.8b)
))
(/usr/local/texlive/2021/texmf-dist/tex/latex/pgf/utilities/pgffor.sty
(/usr/local/texlive/2021/texmf-dist/tex/latex/pgf/utilities/pgfkeys.sty
(/usr/local/texlive/2021/texmf-dist/tex/generic/pgf/utilities/pgfkeys.code.tex)
) (/usr/local/texlive/2021/texmf-dist/tex/latex/pgf/math/pgfmath.sty
(/usr/local/texlive/2021/texmf-dist/tex/generic/pgf/math/pgfmath.code.tex))
(/usr/local/texlive/2021/texmf-dist/tex/generic/pgf/utilities/pgffor.code.tex
Package: pgffor 2020/12/27 v3.1.8b (3.1.8b)

(/usr/local/texlive/2021/texmf-dist/tex/generic/pgf/math/pgfmath.code.tex)
\pgffor@iter=\dimen259
\pgffor@skip=\dimen260
\pgffor@stack=\toks42
\pgffor@toks=\toks43
))
(/usr/local/texlive/2021/texmf-dist/tex/generic/pgf/frontendlayer/tikz/tikz.cod
e.tex
Package: tikz 2020/12/27 v3.1.8b (3.1.8b)

(/usr/local/texlive/2021/texmf-dist/tex/generic/pgf/libraries/pgflibraryplothan
dlers.code.tex
File: pgflibraryplothandlers.code.tex 2020/12/27 v3.1.8b (3.1.8b)
\pgf@plot@mark@count=\count298
\pgfplotmarksize=\dimen261
)
\tikz@lastx=\dimen262
\tikz@lasty=\dimen263
\tikz@lastxsaved=\dimen264
\tikz@lastysaved=\dimen265
\tikz@lastmovetox=\dimen266
\tikz@lastmovetoy=\dimen267
\tikzleveldistance=\dimen268
\tikzsiblingdistance=\dimen269
\tikz@figbox=\box62
\tikz@figbox@bg=\box63
\tikz@tempbox=\box64
\tikz@tempbox@bg=\box65
\tikztreelevel=\count299
\tikznumberofchildren=\count300
\tikznumberofcurrentchild=\count301
\tikz@fig@count=\count302

(/usr/local/texlive/2021/texmf-dist/tex/generic/pgf/modules/pgfmodulematrix.cod
e.tex
File: pgfmodulematrix.code.tex 2020/12/27 v3.1.8b (3.1.8b)
\pgfmatrixcurrentrow=\count303
\pgfmatrixcurrentcolumn=\count304
\pgf@matrix@numberofcolumns=\count305
)
\tikz@expandcount=\count306

(/usr/local/texlive/2021/texmf-dist/tex/generic/pgf/frontendlayer/tikz/librarie
s/tikzlibrarytopaths.code.tex
File: tikzlibrarytopaths.code.tex 2020/12/27 v3.1.8b (3.1.8b)
)))
(/usr/local/texlive/2021/texmf-dist/tex/generic/pgf/frontendlayer/tikz/librarie
s/tikzlibraryshapes.code.tex
File: tikzlibraryshapes.code.tex 2020/12/27 v3.1.8b (3.1.8b)

(/usr/local/texlive/2021/texmf-dist/tex/generic/pgf/frontendlayer/tikz/librarie
s/tikzlibraryshapes.geometric.code.tex
File: tikzlibraryshapes.geometric.code.tex 2020/12/27 v3.1.8b (3.1.8b)

(/usr/local/texlive/2021/texmf-dist/tex/generic/pgf/libraries/shapes/pgflibrary
shapes.geometric.code.tex
File: pgflibraryshapes.geometric.code.tex 2020/12/27 v3.1.8b (3.1.8b)
))
(/usr/local/texlive/2021/texmf-dist/tex/generic/pgf/frontendlayer/tikz/librarie
s/tikzlibraryshapes.misc.code.tex
File: tikzlibraryshapes.misc.code.tex 2020/12/27 v3.1.8b (3.1.8b)

(/usr/local/texlive/2021/texmf-dist/tex/generic/pgf/libraries/shapes/pgflibrary
shapes.misc.code.tex
File: pgflibraryshapes.misc.code.tex 2020/12/27 v3.1.8b (3.1.8b)
))
(/usr/local/texlive/2021/texmf-dist/tex/generic/pgf/frontendlayer/tikz/librarie
s/tikzlibraryshapes.symbols.code.tex
File: tikzlibraryshapes.symbols.code.tex 2020/12/27 v3.1.8b (3.1.8b)

(/usr/local/texlive/2021/texmf-dist/tex/generic/pgf/libraries/shapes/pgflibrary
shapes.symbols.code.tex
File: pgflibraryshapes.symbols.code.tex 2020/12/27 v3.1.8b (3.1.8b)
))
(/usr/local/texlive/2021/texmf-dist/tex/generic/pgf/frontendlayer/tikz/librarie
s/tikzlibraryshapes.arrows.code.tex
File: tikzlibraryshapes.arrows.code.tex 2020/12/27 v3.1.8b (3.1.8b)

(/usr/local/texlive/2021/texmf-dist/tex/generic/pgf/libraries/shapes/pgflibrary
shapes.arrows.code.tex
File: pgflibraryshapes.arrows.code.tex 2020/12/27 v3.1.8b (3.1.8b)
))
(/usr/local/texlive/2021/texmf-dist/tex/generic/pgf/frontendlayer/tikz/librarie
s/tikzlibraryshapes.callouts.code.tex
(/usr/local/texlive/2021/texmf-dist/tex/generic/pgf/libraries/shapes/pgflibrary
shapes.callouts.code.tex))
(/usr/local/texlive/2021/texmf-dist/tex/generic/pgf/frontendlayer/tikz/librarie
s/tikzlibraryshapes.multipart.code.tex
File: tikzlibraryshapes.multipart.code.tex 2020/12/27 v3.1.8b (3.1.8b)

(/usr/local/texlive/2021/texmf-dist/tex/generic/pgf/libraries/shapes/pgflibrary
shapes.multipart.code.tex
File: pgflibraryshapes.multipart.code.tex 2020/12/27 v3.1.8b (3.1.8b)
\pgfnodepartlowerbox=\box66
\pgfnodeparttwobox=\box67
\pgfnodepartthreebox=\box68
\pgfnodepartfourbox=\box69
\pgfnodeparttwentybox=\box70
\pgfnodepartnineteenbox=\box71
\pgfnodeparteighteenbox=\box72
\pgfnodepartseventeenbox=\box73
\pgfnodepartsixteenbox=\box74
\pgfnodepartfifteenbox=\box75
\pgfnodepartfourteenbox=\box76
\pgfnodepartthirteenbox=\box77
\pgfnodeparttwelvebox=\box78
\pgfnodepartelevenbox=\box79
\pgfnodeparttenbox=\box80
\pgfnodepartninebox=\box81
\pgfnodeparteightbox=\box82
\pgfnodepartsevenbox=\box83
\pgfnodepartsixbox=\box84
\pgfnodepartfivebox=\box85
)))
(/usr/local/texlive/2021/texmf-dist/tex/generic/pgf/frontendlayer/tikz/librarie
s/tikzlibraryfit.code.tex
File: tikzlibraryfit.code.tex 2020/12/27 v3.1.8b (3.1.8b)
)
(/usr/local/texlive/2021/texmf-dist/tex/generic/pgf/frontendlayer/tikz/librarie
s/tikzlibrarycalc.code.tex
File: tikzlibrarycalc.code.tex 2020/12/27 v3.1.8b (3.1.8b)
)
(/usr/local/texlive/2021/texmf-dist/tex/generic/pgf/libraries/pgflibraryinterse
ctions.code.tex
(/usr/local/texlive/2021/texmf-dist/tex/generic/pgf/libraries/pgflibraryfpu.cod
e.tex)
\pgf@intersect@solutions=\count307
) (/usr/local/texlive/2021/texmf-dist/tex/latex/pgfopts/pgfopts.sty
Package: pgfopts 2014/07/10 v2.1a LaTeX package options with pgfkeys
\pgfopts@list@add@a@toks=\toks44
\pgfopts@list@add@b@toks=\toks45
)
(/usr/local/texlive/2021/texmf-dist/tex/latex/etoolbox/etoolbox.sty
Package: etoolbox 2020/10/05 v2.5k e-TeX tools for LaTeX (JAW)
\etb@tempcnta=\count308
)
(/usr/local/texlive/2021/texmf-dist/tex/latex/elocalloc/elocalloc.sty
Package: elocalloc 2016/12/15 v0.03 local allocation for LaTeX 2015+ (DPC)
)
(/usr/local/texlive/2021/texmf-dist/tex/latex/environ/environ.sty
Package: environ 2014/05/04 v0.3 A new way to define environments

(/usr/local/texlive/2021/texmf-dist/tex/latex/trimspaces/trimspaces.sty
Package: trimspaces 2009/09/17 v1.1 Trim spaces around a token list
))
(/usr/local/texlive/2021/texmf-dist/tex/latex/l3packages/xparse/xparse.sty
(/usr/local/texlive/2021/texmf-dist/tex/latex/l3kernel/expl3.sty
Package: expl3 2021-02-18 L3 programming layer (loader) 

(/usr/local/texlive/2021/texmf-dist/tex/latex/l3backend/l3backend-pdftex.def
File: l3backend-pdftex.def 2021-03-18 L3 backend support: PDF output (pdfTeX)
\l__color_backend_stack_int=\count309
\l__pdf_internal_box=\box86
))
(/usr/local/texlive/2021/texmf-dist/tex/latex/l3packages/xparse/xparse-2020-10-
01.sty
(/usr/local/texlive/2021/texmf-dist/tex/latex/l3packages/xparse/xparse-generic.
tex))) (/usr/local/texlive/2021/texmf-dist/tex/latex/inlinedef/inlinedef.sty
Package: inlinedef 2008/07/10 v1.0 Inlined expansions within definitions
\ID@toks=\toks46
\ID@count=\count310
)
\ID@usercommands=\toks47
\safeloop@depth=\count311
\safeRKloop@depth=\count312
\forest@temp@dimen=\dimen270
\forest@temp@count=\count313
\forest@n=\count314
\forest@temp@global@count=\count315
\forest@temp@toks=\toks48
\forest@temparray@M=\count316
\forest@temparray@N=\count317
\forest@global@temparray@M=\count318
\forest@global@temparray@N=\count319
\forest@isnum@count=\count320
\forest@isdim@nonintpart=\count321
\forest@isdim@dimen=\dimen271
\forest@sort@m=\count322
\forest@sort@k=\count323
\forest@sort@p=\count324
\bracket@content=\toks49
\bracket@afterthought=\toks50
\forest@node@maxid=\count325
\forest@process@left@M=\count326
\forest@process@left@N=\count327
\forest@process@right@M=\count328
\forest@process@right@N=\count329
\forest@process@saved@M=\count330
\forest@process@saved@N=\count331
\forest@process@result@M=\count332
\forest@process@result@N=\count333
\forest@process@n=\count334
\forest@nodewalk@branch@toks=\toks51
\forest@nodewalk@shortsteps@resolution=\toks52
\forest@do@dynamics=\toks53
\forest@box=\box87
\forest@xg=\dimen272
\forest@yg=\dimen273
\forest@xs=\dimen274
\forest@ys=\dimen275
\forest@pi@toks=\toks54
\forest@segment@toks=\toks55
\forest@PIi@toks=\toks56
\forest@PIii@toks=\toks57
\forest@copy@in=\read3
\forest@copy@out=\write4
\forest@externalize@max@outer@n=\count335
\forest@externalize@inner@n=\count336
)
(/usr/local/texlive/2021/texmf-dist/tex/latex/hyperref/hyperref.sty
Package: hyperref 2021-02-27 v7.00k Hypertext links for LaTeX

(/usr/local/texlive/2021/texmf-dist/tex/generic/ltxcmds/ltxcmds.sty
Package: ltxcmds 2020-05-10 v1.25 LaTeX kernel commands for general use (HO)
)
(/usr/local/texlive/2021/texmf-dist/tex/generic/iftex/iftex.sty
Package: iftex 2020/03/06 v1.0d TeX engine tests
)
(/usr/local/texlive/2021/texmf-dist/tex/generic/pdftexcmds/pdftexcmds.sty
Package: pdftexcmds 2020-06-27 v0.33 Utility functions of pdfTeX for LuaTeX (HO
)

(/usr/local/texlive/2021/texmf-dist/tex/generic/infwarerr/infwarerr.sty
Package: infwarerr 2019/12/03 v1.5 Providing info/warning/error messages (HO)
)
Package pdftexcmds Info: \pdf@primitive is available.
Package pdftexcmds Info: \pdf@ifprimitive is available.
Package pdftexcmds Info: \pdfdraftmode found.
)
(/usr/local/texlive/2021/texmf-dist/tex/generic/kvsetkeys/kvsetkeys.sty
Package: kvsetkeys 2019/12/15 v1.18 Key value parser (HO)
)
(/usr/local/texlive/2021/texmf-dist/tex/generic/kvdefinekeys/kvdefinekeys.sty
Package: kvdefinekeys 2019-12-19 v1.6 Define keys (HO)
)
(/usr/local/texlive/2021/texmf-dist/tex/generic/pdfescape/pdfescape.sty
Package: pdfescape 2019/12/09 v1.15 Implements pdfTeX's escape features (HO)
)
(/usr/local/texlive/2021/texmf-dist/tex/latex/hycolor/hycolor.sty
Package: hycolor 2020-01-27 v1.10 Color options for hyperref/bookmark (HO)
)
(/usr/local/texlive/2021/texmf-dist/tex/latex/letltxmacro/letltxmacro.sty
Package: letltxmacro 2019/12/03 v1.6 Let assignment for LaTeX macros (HO)
)
(/usr/local/texlive/2021/texmf-dist/tex/latex/auxhook/auxhook.sty
Package: auxhook 2019-12-17 v1.6 Hooks for auxiliary files (HO)
)
(/usr/local/texlive/2021/texmf-dist/tex/latex/kvoptions/kvoptions.sty
Package: kvoptions 2020-10-07 v3.14 Key value format for package options (HO)
)
\@linkdim=\dimen276
\Hy@linkcounter=\count337
\Hy@pagecounter=\count338

(/usr/local/texlive/2021/texmf-dist/tex/latex/hyperref/pd1enc.def
File: pd1enc.def 2021-02-27 v7.00k Hyperref: PDFDocEncoding definition (HO)
Now handling font encoding PD1 ...
... no UTF-8 mapping file for font encoding PD1
)
(/usr/local/texlive/2021/texmf-dist/tex/latex/hyperref/hyperref-langpatches.def
File: hyperref-langpatches.def 2021-02-27 v7.00k Hyperref: patches for babel la
nguages
) (/usr/local/texlive/2021/texmf-dist/tex/generic/intcalc/intcalc.sty
Package: intcalc 2019/12/15 v1.3 Expandable calculations with integers (HO)
)
(/usr/local/texlive/2021/texmf-dist/tex/generic/etexcmds/etexcmds.sty
Package: etexcmds 2019/12/15 v1.7 Avoid name clashes with e-TeX commands (HO)
)
\Hy@SavedSpaceFactor=\count339

(/usr/local/texlive/2021/texmf-dist/tex/latex/hyperref/puenc.def
File: puenc.def 2021-02-27 v7.00k Hyperref: PDF Unicode definition (HO)
Now handling font encoding PU ...
... no UTF-8 mapping file for font encoding PU
)
Package hyperref Info: Hyper figures OFF on input line 4192.
Package hyperref Info: Link nesting OFF on input line 4197.
Package hyperref Info: Hyper index ON on input line 4200.
Package hyperref Info: Plain pages OFF on input line 4207.
Package hyperref Info: Backreferencing OFF on input line 4212.
Package hyperref Info: Implicit mode ON; LaTeX internals redefined.
Package hyperref Info: Bookmarks ON on input line 4445.
\c@Hy@tempcnt=\count340

(/usr/local/texlive/2021/texmf-dist/tex/latex/url/url.sty
\Urlmuskip=\muskip17
Package: url 2013/09/16  ver 3.4  Verb mode for urls, etc.
)
LaTeX Info: Redefining \url on input line 4804.
\XeTeXLinkMargin=\dimen277

(/usr/local/texlive/2021/texmf-dist/tex/generic/bitset/bitset.sty
Package: bitset 2019/12/09 v1.3 Handle bit-vector datatype (HO)

(/usr/local/texlive/2021/texmf-dist/tex/generic/bigintcalc/bigintcalc.sty
Package: bigintcalc 2019/12/15 v1.5 Expandable calculations on big integers (HO
)
))
\Fld@menulength=\count341
\Field@Width=\dimen278
\Fld@charsize=\dimen279
Package hyperref Info: Hyper figures OFF on input line 6075.
Package hyperref Info: Link nesting OFF on input line 6080.
Package hyperref Info: Hyper index ON on input line 6083.
Package hyperref Info: backreferencing OFF on input line 6090.
Package hyperref Info: Link coloring OFF on input line 6095.
Package hyperref Info: Link coloring with OCG OFF on input line 6100.
Package hyperref Info: PDF/A mode OFF on input line 6105.
LaTeX Info: Redefining \ref on input line 6145.
LaTeX Info: Redefining \pageref on input line 6149.

(/usr/local/texlive/2021/texmf-dist/tex/latex/base/atbegshi-ltx.sty
Package: atbegshi-ltx 2020/08/17 v1.0a Emulation of the original atbegshi packa
ge
with kernel methods
)
\Hy@abspage=\count342
\c@Item=\count343
\c@Hfootnote=\count344
)
Package hyperref Info: Driver (autodetected): hpdftex.

(/usr/local/texlive/2021/texmf-dist/tex/latex/hyperref/hpdftex.def
File: hpdftex.def 2021-02-27 v7.00k Hyperref driver for pdfTeX

(/usr/local/texlive/2021/texmf-dist/tex/latex/base/atveryend-ltx.sty
Package: atveryend-ltx 2020/08/19 v1.0a Emulation of the original atvery packag
e
with kernel methods
)
\Fld@listcount=\count345
\c@bookmark@seq@number=\count346

(/usr/local/texlive/2021/texmf-dist/tex/latex/rerunfilecheck/rerunfilecheck.sty
Package: rerunfilecheck 2019/12/05 v1.9 Rerun checks for auxiliary files (HO)

(/usr/local/texlive/2021/texmf-dist/tex/generic/uniquecounter/uniquecounter.sty
Package: uniquecounter 2019/12/15 v1.4 Provide unlimited unique counter (HO)
)
Package uniquecounter Info: New unique counter `rerunfilecheck' on input line 2
86.
)
\Hy@SectionHShift=\skip58
) (/usr/local/texlive/2021/texmf-dist/tex/latex/placeins/placeins.sty
Package: placeins 2005/04/18  v 2.2
)
(/usr/local/texlive/2021/texmf-dist/tex/latex/base/textcomp.sty
Package: textcomp 2020/02/02 v2.0n Standard LaTeX package
)
(/usr/local/texlive/2021/texmf-dist/tex/latex/adjustbox/adjustbox.sty
Package: adjustbox 2020/08/19 v1.3 Adjusting TeX boxes (trim, clip, ...)

(/usr/local/texlive/2021/texmf-dist/tex/latex/xkeyval/xkeyval.sty
Package: xkeyval 2020/11/20 v2.8 package option processing (HA)

(/usr/local/texlive/2021/texmf-dist/tex/generic/xkeyval/xkeyval.tex
(/usr/local/texlive/2021/texmf-dist/tex/generic/xkeyval/xkvutils.tex
\XKV@toks=\toks58
\XKV@tempa@toks=\toks59
)
\XKV@depth=\count347
File: xkeyval.tex 2014/12/03 v2.7a key=value parser (HA)
))
(/usr/local/texlive/2021/texmf-dist/tex/latex/adjustbox/adjcalc.sty
Package: adjcalc 2012/05/16 v1.1 Provides advanced setlength with multiple back
-ends (calc, etex, pgfmath)
)
(/usr/local/texlive/2021/texmf-dist/tex/latex/adjustbox/trimclip.sty
Package: trimclip 2020/08/19 v1.2 Trim and clip general TeX material

(/usr/local/texlive/2021/texmf-dist/tex/latex/collectbox/collectbox.sty
Package: collectbox 2012/05/17 v0.4b Collect macro arguments as boxes
\collectedbox=\box88
)
\tc@llx=\dimen280
\tc@lly=\dimen281
\tc@urx=\dimen282
\tc@ury=\dimen283
Package trimclip Info: Using driver 'tc-pdftex.def'.

(/usr/local/texlive/2021/texmf-dist/tex/latex/adjustbox/tc-pdftex.def
File: tc-pdftex.def 2019/01/04 v2.2 Clipping driver for pdftex
))
\adjbox@Width=\dimen284
\adjbox@Height=\dimen285
\adjbox@Depth=\dimen286
\adjbox@Totalheight=\dimen287
\adjbox@pwidth=\dimen288
\adjbox@pheight=\dimen289
\adjbox@pdepth=\dimen290
\adjbox@ptotalheight=\dimen291

(/usr/local/texlive/2021/texmf-dist/tex/latex/ifoddpage/ifoddpage.sty
Package: ifoddpage 2016/04/23 v1.1 Conditionals for odd/even page detection
\c@checkoddpage=\count348
)
(/usr/local/texlive/2021/texmf-dist/tex/latex/varwidth/varwidth.sty
Package: varwidth 2009/03/30 ver 0.92;  Variable-width minipages
\@vwid@box=\box89
\sift@deathcycles=\count349
\@vwid@loff=\dimen292
\@vwid@roff=\dimen293
))
(/usr/local/texlive/2021/texmf-dist/tex/latex/appendix/appendix.sty
Package: appendix 2020/02/08 v1.2c extra appendix facilities
\c@@pps=\count350
\c@@ppsavesec=\count351
\c@@ppsaveapp=\count352
)
(./Current_Draft.aux (./06.Tables/NEA_Zou_TB1_Replicate.aux)
(./06.Tables/NEA_Percentage_Tied_Up.aux) (./06.Tables/JetBlue_Spirit_Fleet.aux)
(./06.Tables/OverlapCities.aux) (./06.Tables/NEA_Probability_Switches.aux)
(./06.Tables/NEA_Price_Neutrality.aux) (./06.Tables/NEA_Price_Neutrality_Y.aux)
(./06.Tables/NEA_Market_Fare.aux) (./06.Tables/NEA_Market_Yield.aux)
(./06.Tables/Elasticity_Compare_Table.aux) (./06.Tables/Demand_Unoptimal.aux)
(./06.Tables/RCL_Both_Period_Output.aux)
(./06.Tables/prepandemic_SummaryStatistics_Product.aux)
(./06.Tables/prepandemic_SummaryStatistics_Market.aux)
(./06.Tables/prepandemic_InstrumentTable.aux)
(./06.Tables/Prepandemic_RCL_Results.aux)
(./06.Tables/PrePandemicMerger_Basic.aux)
(./06.Tables/PrePandemic_Merger_Results.aux)
(./06.Tables/SummaryStatistics_Product.aux)
(./06.Tables/SummaryStatistics_Market.aux)
(./06.Tables/Instrument_Compare_Table.aux) (./06.Tables/Merger_Basic.aux)
(./06.Tables/Merger_Results.aux) (./06.Tables/Stance_Taken_Summary.aux))
\openout1 = `Current_Draft.aux'.

LaTeX Font Info:    Checking defaults for OML/cmm/m/it on input line 34.
LaTeX Font Info:    ... okay on input line 34.
LaTeX Font Info:    Checking defaults for OMS/cmsy/m/n on input line 34.
LaTeX Font Info:    ... okay on input line 34.
LaTeX Font Info:    Checking defaults for OT1/cmr/m/n on input line 34.
LaTeX Font Info:    ... okay on input line 34.
LaTeX Font Info:    Checking defaults for T1/cmr/m/n on input line 34.
LaTeX Font Info:    ... okay on input line 34.
LaTeX Font Info:    Checking defaults for TS1/cmr/m/n on input line 34.
LaTeX Font Info:    ... okay on input line 34.
LaTeX Font Info:    Checking defaults for OMX/cmex/m/n on input line 34.
LaTeX Font Info:    ... okay on input line 34.
LaTeX Font Info:    Checking defaults for U/cmr/m/n on input line 34.
LaTeX Font Info:    ... okay on input line 34.
LaTeX Font Info:    Checking defaults for PD1/pdf/m/n on input line 34.
LaTeX Font Info:    ... okay on input line 34.
LaTeX Font Info:    Checking defaults for PU/pdf/m/n on input line 34.
LaTeX Font Info:    ... okay on input line 34.

(/usr/local/texlive/2021/texmf-dist/tex/context/base/mkii/supp-pdf.mkii
[Loading MPS to PDF converter (version 2006.09.02).]
\scratchcounter=\count353
\scratchdimen=\dimen294
\scratchbox=\box90
\nofMPsegments=\count354
\nofMParguments=\count355
\everyMPshowfont=\toks60
\MPscratchCnt=\count356
\MPscratchDim=\dimen295
\MPnumerator=\count357
\makeMPintoPDFobject=\count358
\everyMPtoPDFconversion=\toks61
) (/usr/local/texlive/2021/texmf-dist/tex/latex/epstopdf-pkg/epstopdf-base.sty
Package: epstopdf-base 2020-01-24 v2.11 Base part for package epstopdf

(/usr/local/texlive/2021/texmf-dist/tex/latex/grfext/grfext.sty
Package: grfext 2019/12/03 v1.3 Manage graphics extensions (HO)
)
Package epstopdf-base Info: Redefining graphics rule for `.eps' on input line 4
85.
Package grfext Info: Graphics extension search list:
(grfext)             [.pdf,.png,.jpg,.mps,.jpeg,.jbig2,.jb2,.PDF,.PNG,.JPG,.JPE
G,.JBIG2,.JB2,.eps]
(grfext)             \AppendGraphicsExtensions on input line 504.

(/usr/local/texlive/2021/texmf-dist/tex/latex/latexconfig/epstopdf-sys.cfg
File: epstopdf-sys.cfg 2010/07/13 v1.3 Configuration of (r)epstopdf for TeX Liv
e
))
Package hyperref Info: Link coloring OFF on input line 34.

(/usr/local/texlive/2021/texmf-dist/tex/latex/hyperref/nameref.sty
Package: nameref 2021-04-02 v2.47 Cross-referencing by name of section

(/usr/local/texlive/2021/texmf-dist/tex/latex/refcount/refcount.sty
Package: refcount 2019/12/15 v3.6 Data extraction from label references (HO)
)
(/usr/local/texlive/2021/texmf-dist/tex/generic/gettitlestring/gettitlestring.s
ty
Package: gettitlestring 2019/12/15 v1.6 Cleanup title references (HO)
)
\c@section@level=\count359
)
LaTeX Info: Redefining \ref on input line 34.
LaTeX Info: Redefining \pageref on input line 34.
LaTeX Info: Redefining \nameref on input line 34.
 (./Current_Draft.out) (./Current_Draft.out)
\@outlinefile=\write5
\openout5 = `Current_Draft.out'.

 [1

{/usr/local/texlive/2021/texmf-var/fonts/map/pdftex/updmap/pdftex.map}] [2] [3]
 [4] [5] [6] [7] [8]
[9] [10] [11] [12] [13] [14] [15] [16] [17] [18] [19] [20] [21] [22]

LaTeX Warning: Reference `tab:Results_PostPandemic' on page 23 undefined on inp
ut line 208.


LaTeX Warning: Reference `tab:Results_PostPandemic' on page 23 undefined on inp
ut line 210.

[23]

LaTeX Warning: Reference `tab:Results_PostPandemic' on page 24 undefined on inp
ut line 220.

[24] [25] [26] (./Current_Draft.bbl
Underfull \hbox (badness 2277) in paragraph at lines 15--22
[]\OT1/cmr/m/n/10 L. Aratani.  Jet-Blue won't ap-peal rul-ing that blocks Amer-
i-can Air-
 []


Underfull \hbox (badness 6876) in paragraph at lines 15--22
\OT1/cmr/m/n/10 lines part-ner-ship.  \OT1/cmr/m/it/10 Wash-ing-ton Post\OT1/cm
r/m/n/10 , July 2023.  ISSN 0190-
 []


Underfull \hbox (badness 1701) in paragraph at lines 65--71
[]\OT1/cmr/m/n/10 E. Birn-baum.  Eliz-a-beth War-ren Urges Reg-u-la-tors to Ig-
nore JetBlue-
 []


Underfull \hbox (badness 1062) in paragraph at lines 65--71
\OT1/cmr/m/n/10 2023.  URL []$\OT1/cmtt/m/n/10 https : / / www . bloomberg . co
m / news / articles / 2023-[]06-[]23 /
 []


Overfull \hbox (2.02492pt too wide) in paragraph at lines 65--71
\OT1/cmtt/m/n/10 warren-[]urges-[]regulators-[]to-[]ignore-[]jetblue-[]orchestr
ated-[]comments$[]\OT1/cmr/m/n/10 . 
 []

[27]
Underfull \hbox (badness 10000) in paragraph at lines 91--97
[]\OT1/cmr/m/n/10 M. Chap-man and D. Koenig.  Jet-Blue and Spirit are end-ing
 []


Underfull \hbox (badness 10000) in paragraph at lines 91--97
\OT1/cmr/m/n/10 their \TS1/cmr/m/n/10 $\OT1/cmr/m/n/10 3.8 bil-lion merger plan
 af-ter a fed-eral judge blocked
 []


Underfull \hbox (badness 10000) in paragraph at lines 91--97
\OT1/cmr/m/n/10 the deal, Mar. 2024.  URL []$\OT1/cmtt/m/n/10 https : / / apnew
s . com / article /
 []


Overfull \hbox (27.27469pt too wide) in paragraph at lines 91--97
\OT1/cmtt/m/n/10 jetblue-[]spirit-[]merger-[]court-[]airline-[]2d9a640e7f7ecb87
d5f60c1cbffbc163$[]\OT1/cmr/m/n/10 .
 []


Underfull \hbox (badness 10000) in paragraph at lines 99--106
\OT1/cmtt/m/n/10 2023 / 03 / 07 / business / justice-[]department-[]jetblue-[]s
pirit-[]merger .
 []


Underfull \hbox (badness 2913) in paragraph at lines 108--119
[]\OT1/cmr/m/n/10 F. Cilib-erto and J. W. Williams.  Does mul-ti-mar-ket con-ta
ct fa-cil-i-
 []


Underfull \hbox (badness 2538) in paragraph at lines 108--119
\OT1/cmr/m/n/10 tate tacit col-lu-sion? In-fer-ence on con-duct pa-ram-e-ters i
n the air-
 []


Underfull \hbox (badness 3690) in paragraph at lines 108--119
\OT1/cmr/m/n/10 ISSN 1756-2171.  doi: $10 . 1111 / 1756-[]2171 . 12070$.  URL [
]$\OT1/cmtt/m/n/10 https : / /
 []

[28]
Underfull \hbox (badness 6775) in paragraph at lines 145--150
[]\OT1/cmr/m/n/10 C. El-liott.  Jet-Blue and Spirit: What hap-pens when two air
-
 []


Underfull \hbox (badness 2088) in paragraph at lines 145--150
\OT1/cmr/m/n/10 lines with bad cus-tomer ser-vice records merge?, Apr. 2022.  U
RL
 []


Underfull \hbox (badness 10000) in paragraph at lines 145--150
[]$\OT1/cmtt/m/n/10 https : / / www . usatoday . com / story / travel / airline
-[]news / 2022 / 04 / 08 /
 []


Underfull \hbox (badness 6364) in paragraph at lines 173--179
[]\OT1/cmr/m/n/10 Z. Griff.  8 things to know about the new Amer-i-can Airlines
-
 []

[29]
Overfull \hbox (117.74612pt too wide) in paragraph at lines 189--195
\OT1/cmtt/m/n/10 spirit-[]airlines-[]shares-[]spike-[]20percent-[]on-[]report-[
]jetblue-[]has-[]made-[]bid-[]to-[]buy-[]airline .
 []


Overfull \hbox (79.99644pt too wide) in paragraph at lines 197--202
\OT1/cmtt/m/n/10 spirit-[]airlines-[]frontier-[]terminate-[]deal-[]that-[]was-[
]marred-[]by-[]jetblues-[]rival-[]bid .
 []


Underfull \hbox (badness 10000) in paragraph at lines 204--209
[]\OT1/cmr/m/n/10 D. Koenig.  Spirit Air-lines share-hold-ers ap-prove \TS1/cmr
/m/n/10 $\OT1/cmr/m/n/10 3.8B sale
 []


Underfull \hbox (badness 10000) in paragraph at lines 204--209
\OT1/cmr/m/n/10 to Jet-Blue, Oct. 2022.  URL []$\OT1/cmtt/m/n/10 https : / / ap
news . com / article /
 []


Underfull \hbox (badness 1895) in paragraph at lines 222--232
[]\OT1/cmr/m/n/10 M. Lau-rer, W. v. At-teveldt, A. Casas, and K. Wel-bers.  Les
s An-
 []


Underfull \hbox (badness 7613) in paragraph at lines 222--232
\OT1/cmr/m/n/10 no-tat-ing, More Clas-si-fy-ing: Ad-dress-ing the Data Scarcity
 Is-sue
 []


Underfull \hbox (badness 3954) in paragraph at lines 222--232
\OT1/cmr/m/n/10 of Su-per-vised Ma-chine Learn-ing with Deep Trans-fer Learn-in
g and
 []


Underfull \hbox (badness 5203) in paragraph at lines 222--232
\OT1/cmr/m/n/10 BERT-NLI.  \OT1/cmr/m/it/10 Po-lit-i-cal Anal-y-sis\OT1/cmr/m/n
/10 , 32(1):84--100, Jan. 2024.  ISSN
 []


Underfull \hbox (badness 4792) in paragraph at lines 222--232
\OT1/cmr/m/n/10 1047-1987, 1476-4989.  doi: $10 . 1017 / pan . 2023 . 20$.  URL
 []$\OT1/cmtt/m/n/10 https :
 []


Underfull \hbox (badness 10000) in paragraph at lines 222--232
\OT1/cmtt/m/n/10 / / www . cambridge . org / core / journals / political-[]anal
ysis / article /
 []


Overfull \hbox (403.74365pt too wide) in paragraph at lines 222--232
\OT1/cmtt/m/n/10 less-[]annotating-[]more-[]classifying-[]addressing-[]the-[]da
ta-[]scarcity-[]issue-[]of-[]supervised-[]machine-[]learning-[]with-[]deep-[]tr
ansfer-[]learning-[]and-[]bertnli /
 []

[30]
Underfull \hbox (badness 2158) in paragraph at lines 247--254
[]\OT1/cmr/m/n/10 S. Li, J. Mazur, Y. Park, J. Roberts, A. Sweet-ing, and J. Zh
ang.
 []


Underfull \hbox (badness 6173) in paragraph at lines 247--254
\OT1/cmr/m/n/10 Repo-si-tion-ing and Mar-ket Power af-ter Air-line Merg-ers.  \
OT1/cmr/m/it/10 RAND
 []


Underfull \hbox (badness 1448) in paragraph at lines 247--254
\OT1/cmr/m/it/10 Jour-nal of Eco-nomics\OT1/cmr/m/n/10 , 53(1):166--199, 2022. 
 ISSN 07416261.  URL
 []


Underfull \hbox (badness 10000) in paragraph at lines 247--254
[]$\OT1/cmtt/m/n/10 https : / / search . ebscohost . com / login . aspx ? direc
t = true & AuthType =
 []


Underfull \hbox (badness 3713) in paragraph at lines 290--300
\OT1/cmr/m/n/10 URL []$\OT1/cmtt/m/n/10 https : / / onlinelibrary . wiley . com
 / doi / abs / 10 . 1111 / 1468-[]0262 .
 []


Underfull \hbox (badness 3118) in paragraph at lines 290--300
\OT1/cmtt/m/n/10 00194$[]\OT1/cmr/m/n/10 .  []eprint: https://onlinelibrary.wil
ey.com/doi/pdf/10.1111/1468-
 []

[31]
Underfull \hbox (badness 10000) in paragraph at lines 313--318
[]\OT1/cmr/m/n/10 T. Rains.  What the dis-so-lu-tion of the North-east Al-
 []


Underfull \hbox (badness 10000) in paragraph at lines 313--318
\OT1/cmr/m/n/10 liance means for Amer-i-can Air-lines and Jet-Blue cus-tomers,
 []


Underfull \hbox (badness 10000) in paragraph at lines 313--318
\OT1/cmr/m/n/10 July 2023.  URL []$\OT1/cmtt/m/n/10 https : / / www . businessi
nsider . com /
 []


Overfull \hbox (82.77423pt too wide) in paragraph at lines 313--318
\OT1/cmtt/m/n/10 what-[]ending-[]american-[]and-[]jetblue-[]northeast-[]allianc
e-[]means-[]for-[]customers-[]2023-[]7$[]\OT1/cmr/m/n/10 . 
 []


Underfull \hbox (badness 3690) in paragraph at lines 320--327
[]\OT1/cmr/m/n/10 J. Ren-ni-son and N. Chok-shi.  JetBlue-American Part-ner-shi
p Struck
 []


Underfull \hbox (badness 8075) in paragraph at lines 320--327
\OT1/cmr/m/n/10 Down by Fed-eral Judge.  \OT1/cmr/m/it/10 The New York Times\OT
1/cmr/m/n/10 , May 2023.
 []


Underfull \hbox (badness 7925) in paragraph at lines 337--341
[]\OT1/cmr/m/n/10 A. Se-muels.  Busi-ness Travel's Demise Could Have Far-Reachi
ng
 []


Underfull \hbox (badness 10000) in paragraph at lines 337--341
\OT1/cmr/m/n/10 Con-se-quences, Oct. 2021.  URL []$\OT1/cmtt/m/n/10 https : / /
 time . com / 6108331 /
 []


Underfull \hbox (badness 10000) in paragraph at lines 353--359
[]\OT1/cmr/m/n/10 A. Sider.  Jet-Blue and Spirit Air-lines Call Off Merger Deal
,
 []


Underfull \hbox (badness 10000) in paragraph at lines 353--359
\OT1/cmr/m/n/10 Mar. 2024.  URL []$\OT1/cmtt/m/n/10 https : / / www . wsj . com
 / business / airlines /
 []


Overfull \hbox (45.52455pt too wide) in paragraph at lines 353--359
\OT1/cmtt/m/n/10 jetblue-[]airways-[]scraps-[]3-[]8-[]billion-[]takeover-[]of-[
]spirit-[]airlines-[]e1d014b0$[]\OT1/cmr/m/n/10 .
 []

[32]
Underfull \hbox (badness 10000) in paragraph at lines 361--366
[]\OT1/cmr/m/n/10 D. Sip-in-ski.  Jet-Blue Air-ways de-fers more A321neo(LR) de
-liv-
 []


Underfull \hbox (badness 10000) in paragraph at lines 361--366
\OT1/cmr/m/n/10 er-ies, Nov. 2020.  URL []$\OT1/cmtt/m/n/10 https : / / www . c
h-[]aviation . com / news /
 []


Underfull \hbox (badness 6725) in paragraph at lines 368--373
[]\OT1/cmr/m/n/10 K. Vasel.  Spirit Air-lines scores dead last in cus-tomer sat
-is-fac-
 []


Underfull \hbox (badness 10000) in paragraph at lines 368--373
\OT1/cmr/m/n/10 tion, Apr. 2016.  URL []$\OT1/cmtt/m/n/10 https : / / money . c
nn . com / 2016 / 04 / 26 / pf /
 []

) [33] [34] [35]
LaTeX Font Info:    Trying to load font information for OMS+cmr on input line 2
73.
 (/usr/local/texlive/2021/texmf-dist/tex/latex/base/omscmr.fd
File: omscmr.fd 2019/12/16 v2.5j Standard LaTeX font definitions
)
LaTeX Font Info:    Font shape `OMS/cmr/m/n' in size <10> not available
(Font)              Font shape `OMS/cmsy/m/n' tried instead on input line 273.

[36] [37]
<05.Figures//average_plane_types_in_use.pdf, id=728, 505.89pt x 216.81pt>
File: 05.Figures//average_plane_types_in_use.pdf Graphic file (type pdf)
<use 05.Figures//average_plane_types_in_use.pdf>
Package pdftex.def Info: 05.Figures//average_plane_types_in_use.pdf  used on in
put line 289.
(pdftex.def)             Requested size: 345.0pt x 147.85892pt.
<05.Figures//ULCC_Share.pdf, id=729, 361.35pt x 216.81pt>
File: 05.Figures//ULCC_Share.pdf Graphic file (type pdf)
<use 05.Figures//ULCC_Share.pdf>
Package pdftex.def Info: 05.Figures//ULCC_Share.pdf  used on input line 296.
(pdftex.def)             Requested size: 345.0pt x 207.00049pt.
<05.Figures//BigFour_Ridership_Graph.pdf, id=730, 361.35pt x 216.81pt>
File: 05.Figures//BigFour_Ridership_Graph.pdf Graphic file (type pdf)
<use 05.Figures//BigFour_Ridership_Graph.pdf>
Package pdftex.def Info: 05.Figures//BigFour_Ridership_Graph.pdf  used on input
 line 303.
(pdftex.def)             Requested size: 361.34912pt x 216.80946pt.

Overfull \hbox (16.34912pt too wide) in paragraph at lines 303--305
[][]
 []


LaTeX Warning: `h' float specifier changed to `ht'.

<05.Figures//Fuel_Price_Compare.pdf, id=731, 433.62pt x 252.945pt>
File: 05.Figures//Fuel_Price_Compare.pdf Graphic file (type pdf)
<use 05.Figures//Fuel_Price_Compare.pdf>
Package pdftex.def Info: 05.Figures//Fuel_Price_Compare.pdf  used on input line
 310.
(pdftex.def)             Requested size: 345.0pt x 201.26013pt.
<05.Figures//LCC_Density.pdf, id=732, 361.35pt x 505.89pt>
File: 05.Figures//LCC_Density.pdf Graphic file (type pdf)
<use 05.Figures//LCC_Density.pdf>
Package pdftex.def Info: 05.Figures//LCC_Density.pdf  used on input line 317.
(pdftex.def)             Requested size: 345.0pt x 483.00116pt.
<05.Figures//Quarterly_DB1B_Itineraries.pdf, id=733, 361.35pt x 216.81pt>
File: 05.Figures//Quarterly_DB1B_Itineraries.pdf Graphic file (type pdf)
<use 05.Figures//Quarterly_DB1B_Itineraries.pdf>
Package pdftex.def Info: 05.Figures//Quarterly_DB1B_Itineraries.pdf  used on in
put line 324.
(pdftex.def)             Requested size: 345.0pt x 207.00049pt.
[38 <./05.Figures//average_plane_types_in_use.pdf>] [39 <./05.Figures//ULCC_Sha
re.pdf> <./05.Figures//BigFour_Ridership_Graph.pdf>] [40 <./05.Figures//Fuel_Pr
ice_Compare.pdf>] [41 <./05.Figures//LCC_Density.pdf>] [42 <./05.Figures//Quart
erly_DB1B_Itineraries.pdf>]
Overfull \hbox (32.97282pt too wide) in paragraph at lines 336--361
 [] 
 []

\openout2 = `06.Tables/NEA_Zou_TB1_Replicate.aux'.

(./06.Tables/NEA_Zou_TB1_Replicate.tex)
Overfull \hbox (79.7786pt too wide) in paragraph at lines 2--368
[][] 
 []


LaTeX Warning: `h' float specifier changed to `ht'.

[43

] [44



]
\openout2 = `06.Tables/NEA_Percentage_Tied_Up.aux'.


No file 06.Tables/NEA_Percentage_Tied_Up.tex.

Overfull \hbox (53.75pt too wide) in paragraph at lines 377--380
[]$[]$ 
 []

[45



]
<05.Figures//NEA_OPCarrier_Switch_Graph.pdf, id=798, 361.35pt x 216.81pt>
File: 05.Figures//NEA_OPCarrier_Switch_Graph.pdf Graphic file (type pdf)
<use 05.Figures//NEA_OPCarrier_Switch_Graph.pdf>
Package pdftex.def Info: 05.Figures//NEA_OPCarrier_Switch_Graph.pdf  used on in
put line 386.
(pdftex.def)             Requested size: 345.0pt x 207.00049pt.
<05.Figures//NEA_AATk_B6Op.pdf, id=799, 361.35pt x 216.81pt>
File: 05.Figures//NEA_AATk_B6Op.pdf Graphic file (type pdf)
<use 05.Figures//NEA_AATk_B6Op.pdf>
Package pdftex.def Info: 05.Figures//NEA_AATk_B6Op.pdf  used on input line 396.

(pdftex.def)             Requested size: 345.0pt x 207.00049pt.
<05.Figures//NEA_B6TK_AAOp.pdf, id=800, 361.35pt x 216.81pt>
File: 05.Figures//NEA_B6TK_AAOp.pdf Graphic file (type pdf)
<use 05.Figures//NEA_B6TK_AAOp.pdf>
Package pdftex.def Info: 05.Figures//NEA_B6TK_AAOp.pdf  used on input line 405.

(pdftex.def)             Requested size: 345.0pt x 207.00049pt.
 [46 <./05.Figures//NEA_OPCarrier_Switch_Graph.pdf> <./05.Figures//NEA_AATk_B6O
p.pdf>] [47 <./05.Figures//NEA_B6TK_AAOp.pdf>]
Overfull \hbox (2.72275pt too wide) in paragraph at lines 422--439
 [] 
 []

<05.Figures//Spirit_Planes.pdf, id=824, 505.89pt x 216.81pt>
File: 05.Figures//Spirit_Planes.pdf Graphic file (type pdf)
<use 05.Figures//Spirit_Planes.pdf>
Package pdftex.def Info: 05.Figures//Spirit_Planes.pdf  used on input line 445.

(pdftex.def)             Requested size: 345.0pt x 147.85892pt.
<05.Figures//JetBlue_Planes.pdf, id=825, 505.89pt x 216.81pt>
File: 05.Figures//JetBlue_Planes.pdf Graphic file (type pdf)
<use 05.Figures//JetBlue_Planes.pdf>
Package pdftex.def Info: 05.Figures//JetBlue_Planes.pdf  used on input line 452
.
(pdftex.def)             Requested size: 345.0pt x 147.85892pt.
<05.Figures//Map_Mainland_Both_2012.pdf, id=826, 433.62pt x 289.08pt>
File: 05.Figures//Map_Mainland_Both_2012.pdf Graphic file (type pdf)
<use 05.Figures//Map_Mainland_Both_2012.pdf>
Package pdftex.def Info: 05.Figures//Map_Mainland_Both_2012.pdf  used on input 
line 459.
(pdftex.def)             Requested size: 345.0pt x 230.01158pt.
<05.Figures//Map_Mainland_Both_2022.pdf, id=827, 433.62pt x 289.08pt>
File: 05.Figures//Map_Mainland_Both_2022.pdf Graphic file (type pdf)
<use 05.Figures//Map_Mainland_Both_2022.pdf>
Package pdftex.def Info: 05.Figures//Map_Mainland_Both_2022.pdf  used on input 
line 466.
(pdftex.def)             Requested size: 345.0pt x 230.01158pt.
\openout2 = `06.Tables/JetBlue_Spirit_Fleet.aux'.

(./06.Tables/JetBlue_Spirit_Fleet.tex)
\openout2 = `06.Tables/OverlapCities.aux'.

 (./06.Tables/OverlapCities.tex)
Overfull \hbox (25.58392pt too wide) in paragraph at lines 2--482
[][] 
 []

[48



] [49 <./05.Figures//Spirit_Planes.pdf> <./05.Figures//JetBlue_Planes.pdf>]
[50 <./05.Figures//Map_Mainland_Both_2012.pdf> <./05.Figures//Map_Mainland_Both
_2022.pdf>] [51



] [52



]
\openout2 = `06.Tables/NEA_Probability_Switches.aux'.

 (./06.Tables/NEA_Probability_Switches.tex)
<05.Figures//NEA_Probability_Switches_Graph.pdf, id=869, 361.35pt x 216.81pt>
File: 05.Figures//NEA_Probability_Switches_Graph.pdf Graphic file (type pdf)
<use 05.Figures//NEA_Probability_Switches_Graph.pdf>
Package pdftex.def Info: 05.Figures//NEA_Probability_Switches_Graph.pdf  used o
n input line 501.
(pdftex.def)             Requested size: 345.0pt x 207.00049pt.
\openout2 = `06.Tables/NEA_Price_Neutrality.aux'.


(./06.Tables/NEA_Price_Neutrality.tex)
Overfull \hbox (99.61493pt too wide) in paragraph at lines 2--508
[][] 
 []

<05.Figures//NEA_Price_Neutrality_Graph.pdf, id=871, 361.35pt x 216.81pt>
File: 05.Figures//NEA_Price_Neutrality_Graph.pdf Graphic file (type pdf)
<use 05.Figures//NEA_Price_Neutrality_Graph.pdf>
Package pdftex.def Info: 05.Figures//NEA_Price_Neutrality_Graph.pdf  used on in
put line 515.
(pdftex.def)             Requested size: 345.0pt x 207.00049pt.
\openout2 = `06.Tables/NEA_Price_Neutrality_Y.aux'.

(./06.Tables/NEA_Price_Neutrality_Y.tex)
Overfull \hbox (76.42024pt too wide) in paragraph at lines 2--522
[][] 
 []

<05.Figures//NEA_Price_Neutrality_Graph_Y.pdf, id=873, 361.35pt x 216.81pt>
File: 05.Figures//NEA_Price_Neutrality_Graph_Y.pdf Graphic file (type pdf)
<use 05.Figures//NEA_Price_Neutrality_Graph_Y.pdf>
Package pdftex.def Info: 05.Figures//NEA_Price_Neutrality_Graph_Y.pdf  used on 
input line 529.
(pdftex.def)             Requested size: 345.0pt x 207.00049pt.
\openout2 = `06.Tables/NEA_Market_Fare.aux'.

(./06.Tables/NEA_Market_Fare.tex)
Overfull \hbox (90.17046pt too wide) in paragraph at lines 2--536
[][] 
 []


LaTeX Warning: Float too large for page by 20.09998pt on input line 538.

<05.Figures//NEA_Market_Fare_Graph.pdf, id=875, 361.35pt x 216.81pt>
File: 05.Figures//NEA_Market_Fare_Graph.pdf Graphic file (type pdf)
<use 05.Figures//NEA_Market_Fare_Graph.pdf>
Package pdftex.def Info: 05.Figures//NEA_Market_Fare_Graph.pdf  used on input l
ine 543.
(pdftex.def)             Requested size: 345.0pt x 207.00049pt.
<05.Figures//NEA_Airport_Fare_Graph.pdf, id=877, 361.35pt x 505.89pt>
File: 05.Figures//NEA_Airport_Fare_Graph.pdf Graphic file (type pdf)
<use 05.Figures//NEA_Airport_Fare_Graph.pdf>
Package pdftex.def Info: 05.Figures//NEA_Airport_Fare_Graph.pdf  used on input 
line 550.
(pdftex.def)             Requested size: 345.0pt x 483.00116pt.
\openout2 = `06.Tables/NEA_Market_Yield.aux'.

(./06.Tables/NEA_Market_Yield.tex)
Overfull \hbox (90.17046pt too wide) in paragraph at lines 2--557
[][] 
 []


LaTeX Warning: Float too large for page by 20.09998pt on input line 559.

<05.Figures//NEA_Market_Yield_Graph.pdf, id=879, 361.35pt x 216.81pt>
File: 05.Figures//NEA_Market_Yield_Graph.pdf Graphic file (type pdf)
<use 05.Figures//NEA_Market_Yield_Graph.pdf>
Package pdftex.def Info: 05.Figures//NEA_Market_Yield_Graph.pdf  used on input 
line 564.
(pdftex.def)             Requested size: 345.0pt x 207.00049pt.
<05.Figures//NEA_Airport_Yield_Graph.pdf, id=881, 361.35pt x 505.89pt>
File: 05.Figures//NEA_Airport_Yield_Graph.pdf Graphic file (type pdf)
<use 05.Figures//NEA_Airport_Yield_Graph.pdf>
Package pdftex.def Info: 05.Figures//NEA_Airport_Yield_Graph.pdf  used on input
 line 571.
(pdftex.def)             Requested size: 345.0pt x 483.00116pt.
[53

] [54



] [55 <./05.Figures//NEA_Probability_Switches_Graph.pdf> <./05.Figures//NEA_Pri
ce_Neutrality_Graph.pdf>] [56



] [57



] [58 <./05.Figures//NEA_Price_Neutrality_Graph_Y.pdf> <./05.Figures//NEA_Marke
t_Fare_Graph.pdf>] [59



] [60 <./05.Figures//NEA_Airport_Fare_Graph.pdf>] [61



] [62 <./05.Figures//NEA_Market_Yield_Graph.pdf>] [63 <./05.Figures//NEA_Airpor
t_Yield_Graph.pdf>]
\openout2 = `06.Tables/Elasticity_Compare_Table.aux'.


(./06.Tables/Elasticity_Compare_Table.tex)
Overfull \hbox (202.19559pt too wide) in paragraph at lines 2--581
[][] 
 []

\openout2 = `06.Tables/Demand_Unoptimal.aux'.

(./06.Tables/Demand_Unoptimal.tex)
\openout2 = `06.Tables/RCL_Both_Period_Output.aux'.

 (./06.Tables/RCL_Both_Period_Output.tex)
[64




] [65



] [66



]
\openout2 = `06.Tables/prepandemic_SummaryStatistics_Product.aux'.

 (./06.Tables/prepandemic_SummaryStatistics_Product.tex)

LaTeX Warning: Float too large for page by 117.91959pt on input line 607.

\openout2 = `06.Tables/prepandemic_SummaryStatistics_Market.aux'.

(./06.Tables/prepandemic_SummaryStatistics_Market.tex)
Overfull \hbox (46.58421pt too wide) in paragraph at lines 2--612
[][] 
 []

[67] [68



] [69



]
\openout2 = `06.Tables/prepandemic_InstrumentTable.aux'.

 (./06.Tables/prepandemic_InstrumentTable.tex)
Overfull \hbox (55.51527pt too wide) in paragraph at lines 2--620
[][] 
 []

[70



]
\openout2 = `06.Tables/Prepandemic_RCL_Results.aux'.

 (./06.Tables/Prepandemic_RCL_Results.tex)
\openout2 = `06.Tables/PrePandemicMerger_Basic.aux'.


(./06.Tables/PrePandemicMerger_Basic.tex) [71



] [72



]
\openout2 = `06.Tables/PrePandemic_Merger_Results.aux'.


(./06.Tables/PrePandemic_Merger_Results.tex)

LaTeX Warning: Float too large for page by 96.33879pt on input line 646.

[73



]
<05.Figures//PrePandemic_Merger_Change_MinimumFare.pdf, id=1015, 361.35pt x 469
.755pt>
File: 05.Figures//PrePandemic_Merger_Change_MinimumFare.pdf Graphic file (type 
pdf)
<use 05.Figures//PrePandemic_Merger_Change_MinimumFare.pdf>
Package pdftex.def Info: 05.Figures//PrePandemic_Merger_Change_MinimumFare.pdf 
 used on input line 653.
(pdftex.def)             Requested size: 345.0pt x 448.5011pt.
 [74 <./05.Figures//PrePandemic_Merger_Change_MinimumFare.pdf>]
\openout2 = `06.Tables/SummaryStatistics_Product.aux'.


(./06.Tables/SummaryStatistics_Product.tex)

LaTeX Warning: Float too large for page by 117.91959pt on input line 664.

\openout2 = `06.Tables/SummaryStatistics_Market.aux'.

(./06.Tables/SummaryStatistics_Market.tex)
Overfull \hbox (36.58418pt too wide) in paragraph at lines 2--669
[][] 
 []

[75





] [76



] [77



]
\openout2 = `06.Tables/Instrument_Compare_Table.aux'.

 (./06.Tables/Instrument_Compare_Table.tex)
Overfull \hbox (68.80704pt too wide) in paragraph at lines 2--677
[][] 
 []

[78



]
\openout2 = `06.Tables/Merger_Basic.aux'.

 (./06.Tables/Merger_Basic.tex) [79



]
\openout2 = `06.Tables/Merger_Results.aux'.

 (./06.Tables/Merger_Results.tex)

LaTeX Warning: Float too large for page by 96.33879pt on input line 694.

[80



]
<05.Figures//Merger_Change_MinimumFare.pdf, id=1051, 361.35pt x 578.16pt>
File: 05.Figures//Merger_Change_MinimumFare.pdf Graphic file (type pdf)
<use 05.Figures//Merger_Change_MinimumFare.pdf>
Package pdftex.def Info: 05.Figures//Merger_Change_MinimumFare.pdf  used on inp
ut line 700.
(pdftex.def)             Requested size: 345.0pt x 552.00134pt.


LaTeX Warning: Float too large for page by 70.94579pt on input line 702.

[81 <./05.Figures//Merger_Change_MinimumFare.pdf>]
<05.Figures//stance_submission_timeline.pdf, id=1062, 361.35pt x 216.81pt>
File: 05.Figures//stance_submission_timeline.pdf Graphic file (type pdf)
<use 05.Figures//stance_submission_timeline.pdf>
Package pdftex.def Info: 05.Figures//stance_submission_timeline.pdf  used on in
put line 712.
(pdftex.def)             Requested size: 361.34912pt x 216.80946pt.

Overfull \hbox (16.34912pt too wide) in paragraph at lines 712--716
[][]
 []

\openout2 = `06.Tables/Stance_Taken_Summary.aux'.

No file 06.Tables/Stance_Taken_Summary.tex.
<05.Figures/stance_strength_graph.pdf, id=1063, 361.35pt x 216.81pt>
File: 05.Figures/stance_strength_graph.pdf Graphic file (type pdf)
<use 05.Figures/stance_strength_graph.pdf>
Package pdftex.def Info: 05.Figures/stance_strength_graph.pdf  used on input li
ne 730.
(pdftex.def)             Requested size: 361.34912pt x 216.80946pt.

Overfull \hbox (16.34912pt too wide) in paragraph at lines 730--734
[][]
 []

<05.Figures/stance_strength_unique.pdf, id=1064, 361.35pt x 216.81pt>
File: 05.Figures/stance_strength_unique.pdf Graphic file (type pdf)
<use 05.Figures/stance_strength_unique.pdf>
Package pdftex.def Info: 05.Figures/stance_strength_unique.pdf  used on input l
ine 739.
(pdftex.def)             Requested size: 361.34912pt x 216.80946pt.

Overfull \hbox (16.34912pt too wide) in paragraph at lines 739--743
[][]
 []

[82








 <./05.Figures//stance_submission_timeline.pdf>] [83 <./05.Figures/stance_stren
gth_graph.pdf> <./05.Figures/stance_strength_unique.pdf>]

LaTeX Warning: Float too large for page by 17.78323pt on input line 787.

[84] (./Current_Draft.aux (./06.Tables/NEA_Zou_TB1_Replicate.aux)
(./06.Tables/NEA_Percentage_Tied_Up.aux) (./06.Tables/JetBlue_Spirit_Fleet.aux)
(./06.Tables/OverlapCities.aux) (./06.Tables/NEA_Probability_Switches.aux)
(./06.Tables/NEA_Price_Neutrality.aux) (./06.Tables/NEA_Price_Neutrality_Y.aux)
(./06.Tables/NEA_Market_Fare.aux) (./06.Tables/NEA_Market_Yield.aux)
(./06.Tables/Elasticity_Compare_Table.aux) (./06.Tables/Demand_Unoptimal.aux)
(./06.Tables/RCL_Both_Period_Output.aux)
(./06.Tables/prepandemic_SummaryStatistics_Product.aux)
(./06.Tables/prepandemic_SummaryStatistics_Market.aux)
(./06.Tables/prepandemic_InstrumentTable.aux)
(./06.Tables/Prepandemic_RCL_Results.aux)
(./06.Tables/PrePandemicMerger_Basic.aux)
(./06.Tables/PrePandemic_Merger_Results.aux)
(./06.Tables/SummaryStatistics_Product.aux)
(./06.Tables/SummaryStatistics_Market.aux)
(./06.Tables/Instrument_Compare_Table.aux) (./06.Tables/Merger_Basic.aux)
(./06.Tables/Merger_Results.aux) (./06.Tables/Stance_Taken_Summary.aux))

LaTeX Warning: There were undefined references.

Package rerunfilecheck Info: File `Current_Draft.out' has not changed.
(rerunfilecheck)             Checksum: E56244E0C476EFB25DE21F8B78B12C5E;4636.
 ) 
Here is how much of TeX's memory you used:
 31542 strings out of 478994
 689606 string characters out of 5858184
 1062763 words of memory out of 5000000
 48123 multiletter control sequences out of 15000+600000
 412728 words of font info for 59 fonts, out of 8000000 for 9000
 1141 hyphenation exceptions out of 8191
 101i,11n,103p,2322b,517s stack positions out of 5000i,500n,10000p,200000b,80000s
{/usr/local/texlive/2021/texmf-dist/fonts/enc/dvips/cm-super/cm-super-ts1.enc
}</usr/local/texlive/2021/texmf-dist/fonts/type1/public/amsfonts/cm/cmbx10.pfb>
</usr/local/texlive/2021/texmf-dist/fonts/type1/public/amsfonts/cm/cmbx12.pfb><
/usr/local/texlive/2021/texmf-dist/fonts/type1/public/amsfonts/cm/cmbx9.pfb></u
sr/local/texlive/2021/texmf-dist/fonts/type1/public/amsfonts/cm/cmex10.pfb></us
r/local/texlive/2021/texmf-dist/fonts/type1/public/amsfonts/cm/cmmi10.pfb></usr
/local/texlive/2021/texmf-dist/fonts/type1/public/amsfonts/cm/cmmi5.pfb></usr/l
ocal/texlive/2021/texmf-dist/fonts/type1/public/amsfonts/cm/cmmi7.pfb></usr/loc
al/texlive/2021/texmf-dist/fonts/type1/public/amsfonts/cm/cmmi8.pfb></usr/local
/texlive/2021/texmf-dist/fonts/type1/public/amsfonts/cm/cmr10.pfb></usr/local/t
exlive/2021/texmf-dist/fonts/type1/public/amsfonts/cm/cmr12.pfb></usr/local/tex
live/2021/texmf-dist/fonts/type1/public/amsfonts/cm/cmr17.pfb></usr/local/texli
ve/2021/texmf-dist/fonts/type1/public/amsfonts/cm/cmr6.pfb></usr/local/texlive/
2021/texmf-dist/fonts/type1/public/amsfonts/cm/cmr7.pfb></usr/local/texlive/202
1/texmf-dist/fonts/type1/public/amsfonts/cm/cmr8.pfb></usr/local/texlive/2021/t
exmf-dist/fonts/type1/public/amsfonts/cm/cmr9.pfb></usr/local/texlive/2021/texm
f-dist/fonts/type1/public/amsfonts/cm/cmsy10.pfb></usr/local/texlive/2021/texmf
-dist/fonts/type1/public/amsfonts/cm/cmsy5.pfb></usr/local/texlive/2021/texmf-d
ist/fonts/type1/public/amsfonts/cm/cmsy6.pfb></usr/local/texlive/2021/texmf-dis
t/fonts/type1/public/amsfonts/cm/cmsy7.pfb></usr/local/texlive/2021/texmf-dist/
fonts/type1/public/amsfonts/cm/cmti10.pfb></usr/local/texlive/2021/texmf-dist/f
onts/type1/public/amsfonts/cm/cmtt10.pfb></usr/local/texlive/2021/texmf-dist/fo
nts/type1/public/cm-super/sfrm0600.pfb></usr/local/texlive/2021/texmf-dist/font
s/type1/public/cm-super/sfrm0800.pfb></usr/local/texlive/2021/texmf-dist/fonts/
type1/public/cm-super/sfrm1000.pfb></usr/local/texlive/2021/texmf-dist/fonts/ty
pe1/public/cm-super/sfrm1200.pfb>
Output written on Current_Draft.pdf (84 pages, 1708183 bytes).
PDF statistics:
 1230 PDF objects out of 1440 (max. 8388607)
 1058 compressed objects within 11 object streams
 244 named destinations out of 1000 (max. 500000)
 346 words of extra memory for PDF output out of 10000 (max. 10000000)

